<?xml version="1.0" encoding="UTF-8"?>
<!-- Generated by org.testng.reporters.JUnitReportReporter -->
<testsuite hostname="dell-PC" failures="0" tests="2" name="com.automationqapractice.test.CreateUsrAcct" time="33.083" errors="0" timestamp="2019-09-04T00:30:13 IST" skipped="0">
  <testcase classname="com.automationqapractice.test.CreateUsrAcct" name="createNewUserAccount" time="22.427"/>
  <testcase classname="com.automationqapractice.test.CreateUsrAcct" name="checkThatUserCanLoginSuccessfullyAfterAccountCreation" time="10.656"/>
</testsuite> <!-- com.automationqapractice.test.CreateUsrAcct -->
