<?xml version="1.0" encoding="UTF-8"?>
<!-- Generated by org.testng.reporters.JUnitReportReporter -->
<testsuite hostname="dell-PC" failures="0" tests="1" name="com.automationqapractice.test.OrderCreationTest" time="28.223" errors="0" timestamp="06 Sep 2019 13:00:29 GMT" skipped="0">
  <testcase classname="com.automationqapractice.test.OrderCreationTest" name="purchaseProduct" time="28.223"/>
</testsuite> <!-- com.automationqapractice.test.OrderCreationTest -->
