<?xml version="1.0" encoding="UTF-8"?>
<!-- Generated by org.testng.reporters.JUnitReportReporter -->
<testsuite hostname="dell-PC" failures="0" tests="2" name="com.automationqapractice.test.CreateUserAccountTest" time="25.695" errors="0" timestamp="06 Sep 2019 13:00:29 GMT" skipped="0">
  <testcase classname="com.automationqapractice.test.CreateUserAccountTest" name="checkThatUserCanLoginSuccessfullyAfterAccountCreation" time="7.486"/>
  <testcase classname="com.automationqapractice.test.CreateUserAccountTest" name="createNewUserAccount" time="18.209"/>
</testsuite> <!-- com.automationqapractice.test.CreateUserAccountTest -->
