<?xml version="1.0" encoding="UTF-8"?>
<!-- Generated by org.testng.reporters.JUnitReportReporter -->
<testsuite hostname="dell-PC" failures="0" tests="1" name="com.automationqapractice.test.SearchProductCategoryTest" time="9.410" errors="0" timestamp="06 Sep 2019 13:00:29 GMT" skipped="0">
  <testcase classname="com.automationqapractice.test.SearchProductCategoryTest" name="searchProductCategory" time="9.410"/>
</testsuite> <!-- com.automationqapractice.test.SearchProductCategoryTest -->
